Code/App/app_code/build/app/intermediates/aapt_proguard_file/release/aapt_rules.txt
# Referenced at merged_manifests/release/AndroidManifest.xml:22
-keep class androidx.core.app.CoreComponentFactory { <init>(); }
# Referenced at merged_manifests/release/AndroidManifest.xml:58
-keep class com.dxc.mtahackathon.MainActivity { <init>(); }
# Referenced at merged_manifests/release/AndroidManifest.xml:128
-keep class com.facebook.CampaignTrackingReceiver { <init>(); }
# Referenced at merged_manifests/release/AndroidManifest.xml:121
-keep class com.facebook.CurrentAccessTokenExpirationBroadcastReceiver { <init>(); }
# Referenced at merged_manifests/release/AndroidManifest.xml:99
-keep class com.facebook.CustomTabActivity { <init>(); }
# Referenced at merged_manifests/release/AndroidManifest.xml:98
-keep class com.facebook.CustomTabMainActivity { <init>(); }
# Referenced at merged_manifests/release/AndroidManifest.xml:94
-keep class com.facebook.FacebookActivity { <init>(); }
# Referenced at merged_manifests/release/AndroidManifest.xml:116
-keep class com.facebook.internal.FacebookInitProvider { <init>(); }
# Referenced at merged_manifests/release/AndroidManifest.xml:147
-keep class com.twitter.sdk.android.core.identity.OAuthActivity { <init>(); }
# Referenced at merged_manifests/release/AndroidManifest.xml:137
-keep class com.twitter.sdk.android.tweetcomposer.ComposerActivity { <init>(); }
# Referenced at merged_manifests/release/AndroidManifest.xml:142
-keep class com.twitter.sdk.android.tweetcomposer.TweetUploadService { <init>(); }
# Referenced at merged_manifests/release/AndroidManifest.xml:104
-keep class com.twitter.sdk.android.tweetui.GalleryActivity { <init>(); }
# Referenced at merged_manifests/release/AndroidManifest.xml:100
-keep class com.twitter.sdk.android.tweetui.PlayerActivity { <init>(); }
# Referenced at merged_manifests/release/AndroidManifest.xml:22
-keep class io.flutter.app.FlutterApplication { <init>(); }
# Referenced at merged_manifests/release/AndroidManifest.xml:79
-keep class io.flutter.plugins.urllauncher.WebViewActivity { <init>(); }
# Referenced at merged_manifests/release/AndroidManifest.xml:84
-keep class zhuoyuan.li.fluttershareme.util.ShareFileProvider { <init>(); }
# Referenced at res/layout/abc_alert_dialog_button_bar_material.xml:43
# Referenced at res/layout/abc_alert_dialog_material.xml:52
# Referenced at res/layout/abc_alert_dialog_title_material.xml:56
-keep class android.widget.Space { <init>(...); }

# Referenced at res/layout/abc_select_dialog_material.xml:23
-keep class androidx.appcompat.app.AlertController$RecycleListView { <init>(...); }

# Referenced at res/layout/abc_action_menu_item_layout.xml:17
-keep class androidx.appcompat.view.menu.ActionMenuItemView { <init>(...); }

# Referenced at res/layout/abc_expanded_menu_layout.xml:17
-keep class androidx.appcompat.view.menu.ExpandedMenuView { <init>(...); }

# Referenced at res/layout/abc_cascading_menu_item_layout.xml:20
# Referenced at res/layout/abc_list_menu_item_layout.xml:17
# Referenced at res/layout/abc_popup_menu_item_layout.xml:17
-keep class androidx.appcompat.view.menu.ListMenuItemView { <init>(...); }

# Referenced at res/layout/abc_screen_toolbar.xml:27
-keep class androidx.appcompat.widget.ActionBarContainer { <init>(...); }

# Referenced at res/layout/abc_action_mode_bar.xml:19
# Referenced at res/layout/abc_screen_toolbar.xml:43
-keep class androidx.appcompat.widget.ActionBarContextView { <init>(...); }

# Referenced at res/layout/abc_screen_toolbar.xml:17
-keep class androidx.appcompat.widget.ActionBarOverlayLayout { <init>(...); }

# Referenced at res/layout/abc_action_menu_layout.xml:17
-keep class androidx.appcompat.widget.ActionMenuView { <init>(...); }

# Referenced at res/layout/abc_activity_chooser_view.xml:19
-keep class androidx.appcompat.widget.ActivityChooserView$InnerLayout { <init>(...); }

# Referenced at res/layout/abc_alert_dialog_material.xml:18
-keep class androidx.appcompat.widget.AlertDialogLayout { <init>(...); }

# Referenced at res/layout/com_facebook_device_auth_dialog_fragment.xml:45
# Referenced at res/layout/com_facebook_smart_device_dialog_fragment.xml:47
-keep class androidx.appcompat.widget.AppCompatImageView { <init>(...); }

# Referenced at res/layout/abc_alert_dialog_button_bar_material.xml:26
-keep class androidx.appcompat.widget.ButtonBarLayout { <init>(...); }

# Referenced at res/layout/abc_screen_content_include.xml:19
-keep class androidx.appcompat.widget.ContentFrameLayout { <init>(...); }

# Referenced at res/layout/abc_alert_dialog_title_material.xml:45
-keep class androidx.appcompat.widget.DialogTitle { <init>(...); }

# Referenced at res/layout/abc_screen_simple_overlay_action_mode.xml:23
-keep class androidx.appcompat.widget.FitWindowsFrameLayout { <init>(...); }

# Referenced at res/layout/abc_dialog_title_material.xml:22
# Referenced at res/layout/abc_screen_simple.xml:17
-keep class androidx.appcompat.widget.FitWindowsLinearLayout { <init>(...); }

# Referenced at res/layout/abc_search_view.xml:75
-keep class androidx.appcompat.widget.SearchView$SearchAutoComplete { <init>(...); }

# Referenced at res/layout/abc_screen_toolbar.xml:36
-keep class androidx.appcompat.widget.Toolbar { <init>(...); }

# Referenced at res/layout/abc_screen_simple.xml:25
# Referenced at res/layout/abc_screen_simple_overlay_action_mode.xml:32
-keep class androidx.appcompat.widget.ViewStubCompat { <init>(...); }

# Referenced at res/layout/browser_actions_context_menu_page.xml:5
-keep class androidx.browser.browseractions.BrowserActionsFallbackMenuView { <init>(...); }

# Referenced at res/layout/com_facebook_device_auth_dialog_fragment.xml:22
# Referenced at res/layout/com_facebook_smart_device_dialog_fragment.xml:22
-keep class androidx.cardview.widget.CardView { <init>(...); }

# Referenced at res/layout/abc_alert_dialog_material.xml:41
-keep class androidx.core.widget.NestedScrollView { <init>(...); }

# Referenced at res/layout/tw__activity_composer.xml:21
-keep class com.twitter.sdk.android.tweetcomposer.ComposerView { <init>(...); }

# Referenced at res/layout/tw__composer_view.xml:58
-keep class com.twitter.sdk.android.tweetcomposer.internal.util.ObservableScrollView { <init>(...); }

# Referenced at res/layout/tw__action_bar.xml:28
-keep class com.twitter.sdk.android.tweetui.ToggleImageButton { <init>(...); }

# Referenced at res/layout/tw__action_bar.xml:18
-keep class com.twitter.sdk.android.tweetui.TweetActionBarView { <init>(...); }

# Referenced at res/layout/tw__tweet.xml:23
# Referenced at res/layout/tw__tweet_compact.xml:72
# Referenced at res/layout/tw__tweet_quote.xml:51
-keep class com.twitter.sdk.android.tweetui.internal.AspectRatioFrameLayout { <init>(...); }

# Referenced at res/layout/tw__tweet.xml:31
# Referenced at res/layout/tw__tweet_compact.xml:83
# Referenced at res/layout/tw__tweet_quote.xml:62
-keep class com.twitter.sdk.android.tweetui.internal.MediaBadgeView { <init>(...); }

# Referenced at res/layout/tw__tweet.xml:27
# Referenced at res/layout/tw__tweet_compact.xml:79
# Referenced at res/layout/tw__tweet_quote.xml:58
-keep class com.twitter.sdk.android.tweetui.internal.TweetMediaView { <init>(...); }

# Referenced at res/layout/tw__player_activity.xml:32
-keep class com.twitter.sdk.android.tweetui.internal.VideoControlView { <init>(...); }

# Referenced at res/layout/tw__player_activity.xml:20
-keep class com.twitter.sdk.android.tweetui.internal.VideoView { <init>(...); }

# Referenced at res/layout/tw__gallery_activity.xml:22
-keep class com.twitter.sdk.android.tweetui.internal.ViewPagerFixed { <init>(...); }