Code/App/app_code/build/app/outputs/mapping/release/mapping.txt
# compiler: R8
# compiler_version: 1.6.67
# min_api: 16
# pg_map_id: e909289
# common_typos_disable
com.dxc.mtahackathon.MainActivity -> com.dxc.mtahackathon.MainActivity:
    void configureFlutterEngine(io.flutter.embedding.engine.FlutterEngine) -> b
...
androidx.recyclerview.widget.RecyclerView$AdapterDataObserver -> androidx.recyclerview.widget.f$c:
androidx.recyclerview.widget.RecyclerView$ChildDrawingOrderCallback -> androidx.recyclerview.widget.f$d:
    int onGetChildDrawingOrder(int,int) -> a
androidx.recyclerview.widget.RecyclerView$EdgeEffectFactory -> androidx.recyclerview.widget.f$e:
    android.widget.EdgeEffect createEdgeEffect(androidx.recyclerview.widget.RecyclerView,int) -> a
androidx.recyclerview.widget.RecyclerView$ItemAnimator -> androidx.recyclerview.widget.f$f:
    void endAnimations() -> a
    void setListener(androidx.recyclerview.widget.RecyclerView$ItemAnimator$ItemAnimatorListener) -> a
    boolean isRunning() -> b
androidx.recyclerview.widget.RecyclerView$ItemAnimator$ItemAnimatorListener -> androidx.recyclerview.widget.f$f$a:
androidx.recyclerview.widget.RecyclerView$ItemDecoration -> androidx.recyclerview.widget.f$g:
    void onDraw(android.graphics.Canvas,androidx.recyclerview.widget.RecyclerView) -> a
    void onDraw(android.graphics.Canvas,androidx.recyclerview.widget.RecyclerView,androidx.recyclerview.widget.RecyclerView$State) -> a
    void onDrawOver(android.graphics.Canvas,androidx.recyclerview.widget.RecyclerView) -> b
    void onDrawOver(android.graphics.Canvas,androidx.recyclerview.widget.RecyclerView,androidx.recyclerview.widget.RecyclerView$State) -> b
androidx.recyclerview.widget.RecyclerView$LayoutManager -> androidx.recyclerview.widget.f$h:
    androidx.recyclerview.widget.ViewBoundsCheck$Callback mHorizontalBoundCheckCallback -> c
    int mWidth -> n
    androidx.recyclerview.widget.ViewBoundsCheck$Callback mVerticalBoundCheckCallback -> d
    int mHeight -> o
    int mWidthMode -> l
    int mHeightMode -> m
    boolean mIsAttachedToWindow -> i
    boolean mAutoMeasure -> j
    androidx.recyclerview.widget.RecyclerView$SmoothScroller mSmoothScroller -> g
    boolean mMeasurementCacheEnabled -> k
    androidx.recyclerview.widget.ViewBoundsCheck mHorizontalBoundCheck -> e
    androidx.recyclerview.widget.ViewBoundsCheck mVerticalBoundCheck -> f
    androidx.recyclerview.widget.ChildHelper mChildHelper -> a
    androidx.recyclerview.widget.RecyclerView mRecyclerView -> b
    boolean mRequestedSimpleAnimations -> h
    void assertNotInLayoutOrScroll(java.lang.String) -> a
    boolean canScrollHorizontally() -> a
    boolean checkLayoutParams(androidx.recyclerview.widget.RecyclerView$LayoutParams) -> a
    int chooseSize(int,int,int) -> a
    int computeHorizontalScrollExtent(androidx.recyclerview.widget.RecyclerView$State) -> a
    void dispatchAttachedToWindow(androidx.recyclerview.widget.RecyclerView) -> a
    android.view.View findContainingItemView(android.view.View) -> a
    android.view.View findViewByPosition(int) -> a
androidx.recyclerview.widget.RecyclerView$LayoutManager$1 -> androidx.recyclerview.widget.f$h$a:
    androidx.recyclerview.widget.RecyclerView$LayoutManager this$0 -> a
    android.view.View getChildAt(int) -> a
    int getChildEnd(android.view.View) -> a
    int getParentEnd() -> a
    int getChildStart(android.view.View) -> b
    int getParentStart() -> b
androidx.recyclerview.widget.RecyclerView$LayoutManager$2 -> androidx.recyclerview.widget.f$h$b:
    androidx.recyclerview.widget.RecyclerView$LayoutManager this$0 -> a
    android.view.View getChildAt(int) -> a
    int getChildEnd(android.view.View) -> a
    int getParentEnd() -> a
    int getChildStart(android.view.View) -> b
    int getParentStart() -> b
androidx.recyclerview.widget.RecyclerView$LayoutManager$Properties -> androidx.recyclerview.widget.f$h$c:
    int spanCount -> b
    boolean reverseLayout -> c
    int orientation -> a
    boolean stackFromEnd -> d