Code/App/app_code/build/app/outputs/mapping/release/usage.txt
com.dxc.mtahackathon.BuildConfig
com.dxc.mtahackathon.R$bool
com.dxc.mtahackathon.R$style
com.dxc.mtahackathon.R$drawable
com.dxc.mtahackathon.R$string
com.dxc.mtahackathon.R$id
com.dxc.mtahackathon.R$xml
com.dxc.mtahackathon.R$color
com.dxc.mtahackathon.R$mipmap
com.dxc.mtahackathon.R$styleable
com.dxc.mtahackathon.R$layout
com.dxc.mtahackathon.R$integer
com.dxc.mtahackathon.R
com.dxc.mtahackathon.R$plurals
com.dxc.mtahackathon.R$attr
com.dxc.mtahackathon.R$dimen
com.dxc.mtahackathon.R$anim
...
androidx.legacy.v4.R$dimen
io.flutter.embedding.android.FlutterView$RenderMode
kotlin.collections.ReversedList
com.facebook.RequestProgress:
    long getProgress()
    long getMaxProgress()
com.facebook.share.widget.CreateAppGroupDialog$WebHandler
androidx.appcompat.app.AppCompatDialogFragment
com.facebook.share.model.GameRequestContent$Builder
com.facebook.internal.BundleJSONConverter$4:
    public void setOnJSON(org.json.JSONObject,java.lang.String,java.lang.Object)
com.google.zxing.client.result.ISBNResultParser
com.facebook.internal.FetchedAppGateKeepersManager:
    private static final java.lang.String APP_GATEKEEPERS_PREFS_STORE
    private static final java.lang.String APP_GATEKEEPERS_PREFS_KEY_FORMAT
    private static final java.lang.String APP_PLATFORM
    private static final java.lang.String APPLICATION_GATEKEEPER_EDGE
    private static final java.lang.String APPLICATION_GATEKEEPER_FIELD
    private static final java.lang.String APPLICATION_GRAPH_DATA
    private static final java.lang.String APPLICATION_FIELDS
    private static final java.lang.String APPLICATION_PLATFORM
    private static final java.lang.String APPLICATION_SDK_VERSION
    private static final long APPLICATION_GATEKEEPER_CACHE_TIMEOUT
androidx.core.view.ViewPropertyAnimatorListener
kotlin.ranges.LongProgression
com.facebook.share.model.AppGroupCreationContent
com.twitter.sdk.android.tweetui.FilterTimelineDelegate
com.facebook.share.internal.VideoUploader$FinishUploadWorkItem
com.google.zxing.oned.rss.expanded.decoders.AI013103decoder
com.facebook.share.widget.AppInviteDialog$WebFallbackHandler
com.appleeducate.getversion.R$color
androidx.core.net.TrafficStatsCompat
com.twitter.sdk.android.core.TwitterApiClient:
    public void <init>(okhttp3.OkHttpClient)
    public void <init>(com.twitter.sdk.android.core.TwitterSession,okhttp3.OkHttpClient)
    public com.twitter.sdk.android.core.services.SearchService getSearchService()
    public com.twitter.sdk.android.core.services.ListService getListService()
    public com.twitter.sdk.android.core.services.CollectionService getCollectionService()
    public com.twitter.sdk.android.core.services.ConfigurationService getConfigurationService()
io.flutter.embedding.android.AndroidTouchProcessor$PointerSignalKind
com.facebook.share.internal.VideoUploader$UploadWorkItemBase$2
com.twitter.sdk.android.tweetui.BaseTweetView
androidx.appcompat.widget.ToolbarWidgetWrapper$2
kotlin.ranges.LongRange$Companion
kotlin.ranges.IntProgression$Companion
kotlin.text.StringsKt___StringsKt$withIndex$1
kotlin.text.StringsKt
com.twitter.sdk.android.tweetui.TweetTimelineListAdapter$Builder
kotlin.annotation.MustBeDocumented
androidx.core.app.NotificationCompat$Action$Extender
kotlin.reflect.KFunction$DefaultImpls
com.squareup.picasso.Picasso$CleanupThread:
    void shutdown()
kotlin.ranges.ULongRange
com.google.zxing.pdf417.encoder.PDF417HighLevelEncoder:
    private void <init>()
    private static final int TEXT_COMPACTION
    private static final int BYTE_COMPACTION
    private static final int NUMERIC_COMPACTION
    private static final int SUBMODE_ALPHA
    private static final int SUBMODE_LOWER
    private static final int SUBMODE_MIXED
    private static final int SUBMODE_PUNCTUATION
    private static final int LATCH_TO_TEXT
    private static final int LATCH_TO_BYTE_PADDED
    private static final int LATCH_TO_NUMERIC
    private static final int SHIFT_TO_BYTE
    private static final int LATCH_TO_BYTE
    private static final int ECI_USER_DEFINED
    private static final int ECI_GENERAL_PURPOSE
    private static final int ECI_CHARSET
com.squareup.picasso.PicassoExecutorService:
    private static final int DEFAULT_THREAD_COUNT
io.flutter.plugin.common.BinaryCodec
com.twitter.sdk.android.tweetcomposer.R$drawable
android.support.v4.media.MediaMetadataCompat$BitmapKey
kotlin.reflect.KTypeParameter
com.twitter.Autolink
kotlin.jvm.functions.Function5
kotlin.text.StringsKt__StringsKt